{"level":"info","message":"Server running on port 3001","timestamp":"2026-04-22T12:40:42.766Z"}
{"level":"info","message":"Server running on port 3001","timestamp":"2026-04-22T12:45:18.999Z"}
{"level":"info","message":"Server running on port 3001","timestamp":"2026-04-22T12:46:09.562Z"}
{"level":"info","message":"Server running on port 3001","timestamp":"2026-04-22T12:47:55.971Z"}
{"level":"info","message":"Server running on port 3001","timestamp":"2026-04-22T12:54:31.455Z"}
{"level":"info","message":"Server running on port 3001","timestamp":"2026-04-22T12:56:06.938Z"}
{"level":"info","message":"Server running on port 3001","timestamp":"2026-04-22T13:06:29.889Z"}
{"level":"info","message":"Server running on port 3001","timestamp":"2026-04-22T13:11:31.931Z"}
{"level":"info","message":"Server running on port 3001","timestamp":"2026-04-22T13:14:48.163Z"}
{"level":"info","message":"Server running on port 3001","timestamp":"2026-04-22T13:15:29.710Z"}
{"level":"info","message":"Server running on port 3001","timestamp":"2026-04-22T13:18:28.123Z"}
{"level":"info","message":"Server running on port 3001","timestamp":"2026-04-22T13:20:08.680Z"}
{"level":"info","message":"Server running on port 3001","timestamp":"2026-04-22T13:25:15.095Z"}
{"level":"info","message":"Server running on port 3001","timestamp":"2026-04-22T16:19:42.350Z"}
{"level":"info","message":"Server running on port 3001","timestamp":"2026-04-22T19:37:40.433Z"}
{"level":"info","message":"Server running on port 3001","timestamp":"2026-04-22T19:48:53.572Z"}
{"level":"info","message":"Server running on port 3001","timestamp":"2026-04-22T19:57:52.324Z"}
{"level":"info","message":"Server running on port 3001","timestamp":"2026-04-27T21:16:03.695Z"}
{"level":"info","message":"Server running on port 3001","timestamp":"2026-04-27T21:18:49.165Z"}
{"level":"info","message":"Server running on port 3001","timestamp":"2026-04-28T08:18:24.648Z"}
{"level":"info","message":"Server running on port 3001","timestamp":"2026-04-28T08:19:07.718Z"}
{"level":"info","message":"Server running on port 3001","timestamp":"2026-04-28T08:20:51.378Z"}
{"level":"info","message":"Server running on port 3001","timestamp":"2026-04-28T08:22:27.199Z"}
{"issues":[{"code":"invalid_type","expected":"string","message":"Required","path":["model"],"received":"undefined"}],"level":"error","message":"Chat error: [\n  {\n    \"code\": \"invalid_type\",\n    \"expected\": \"string\",\n    \"received\": \"undefined\",\n    \"path\": [\n      \"model\"\n    ],\n    \"message\": \"Required\"\n  }\n]","name":"ZodError","stack":"ZodError: [\n  {\n    \"code\": \"invalid_type\",\n    \"expected\": \"string\",\n    \"received\": \"undefined\",\n    \"path\": [\n      \"model\"\n    ],\n    \"message\": \"Required\"\n  }\n]\n    at get error (file:///Users/nettomello/neomello/Chat-as-a-Protocol/neo-chat-uncensored/node_modules/.pnpm/zod@3.25.76/node_modules/zod/v3/types.js:39:31)\n    at ZodObject.parse (file:///Users/nettomello/neomello/Chat-as-a-Protocol/neo-chat-uncensored/node_modules/.pnpm/zod@3.25.76/node_modules/zod/v3/types.js:114:22)\n    at file:///Users/nettomello/neomello/Chat-as-a-Protocol/neo-chat-uncensored/backend/src/server.js:271:14\n    at Layer.handle [as handle_request] (/Users/nettomello/neomello/Chat-as-a-Protocol/neo-chat-uncensored/node_modules/.pnpm/express@4.22.1/node_modules/express/lib/router/layer.js:95:5)\n    at next (/Users/nettomello/neomello/Chat-as-a-Protocol/neo-chat-uncensored/node_modules/.pnpm/express@4.22.1/node_modules/express/lib/router/route.js:149:13)\n    at checkQuota (file:///Users/nettomello/neomello/Chat-as-a-Protocol/neo-chat-uncensored/backend/src/server.js:239:3)\n    at process.processTicksAndRejections (node:internal/process/task_queues:105:5)","timestamp":"2026-04-28T08:22:37.795Z"}
{"level":"info","message":"Server running on port 3001","timestamp":"2026-04-28T08:23:49.290Z"}
{"level":"info","message":"Server running on port 3001","timestamp":"2026-04-28T09:01:57.868Z"}
{"level":"info","message":"Server running on port 3001","timestamp":"2026-04-28T09:02:57.104Z"}
{"level":"info","message":"Server running on port 3001","timestamp":"2026-04-28T09:03:35.183Z"}
{"level":"info","message":"Server running on port 3001","timestamp":"2026-04-28T09:14:55.416Z"}
{"level":"info","message":"Server running on port 3001","timestamp":"2026-04-28T09:15:45.644Z"}
{"level":"info","message":"Server running on port 3001","timestamp":"2026-04-28T09:28:32.919Z"}
{"level":"info","message":"Server running on port 3001","timestamp":"2026-04-28T09:52:46.551Z"}
{"level":"info","message":"Server running on port 3001","timestamp":"2026-04-28T09:57:14.083Z"}
{"level":"info","message":"Server running on port 3001","timestamp":"2026-04-28T10:46:51.599Z"}
{"level":"info","message":"Server running on port 3001","timestamp":"2026-04-28T17:07:04.897Z"}
{"level":"info","message":"Server running on port 3001","timestamp":"2026-04-29T07:25:20.503Z"}
{"level":"info","message":"Server running on port 3001","timestamp":"2026-04-29T17:12:50.260Z"}
{"level":"info","message":"Server running on port 3001","timestamp":"2026-04-30T06:39:05.342Z"}
{"level":"info","message":"Server running on port 3001","timestamp":"2026-04-30T06:41:58.346Z"}
{"level":"info","message":"Server running on port 3001","timestamp":"2026-04-30T06:43:24.683Z"}
{"level":"info","message":"Server running on port 3001","timestamp":"2026-04-30T07:51:26.146Z"}
{"level":"info","message":"Server running on port 3001","timestamp":"2026-04-30T07:56:03.474Z"}
{"level":"info","message":"Server running on port 3001","timestamp":"2026-04-30T08:23:34.811Z"}
{"level":"info","message":"Server running on port 3001","timestamp":"2026-04-30T08:27:52.960Z"}
{"level":"info","message":"Server running on port 3001","timestamp":"2026-04-30T08:47:04.191Z"}
{"level":"info","message":"Server running on port 3001","timestamp":"2026-04-30T09:14:23.439Z"}
{"level":"info","message":"Server running on port 3001","timestamp":"2026-04-30T09:15:04.003Z"}
{"level":"info","message":"Server running on port 3001","timestamp":"2026-04-30T09:17:52.044Z"}
{"level":"info","message":"Server running on port 3001","timestamp":"2026-04-30T09:23:49.857Z"}
{"level":"info","message":"NØX Backend running on port 3001","timestamp":"2026-05-01T08:35:21.805Z"}
{"level":"info","message":"OPTIONS /api/auth/guest - 200","timestamp":"2026-05-01T08:35:30.115Z"}
{"level":"info","message":"OPTIONS /api/auth/guest - 200","timestamp":"2026-05-01T08:35:30.340Z"}
{"level":"info","message":"NØX Backend running on port 3001","timestamp":"2026-05-01T08:37:24.104Z"}
{"level":"info","message":"OPTIONS /api/auth/guest - 200","timestamp":"2026-05-01T08:37:54.427Z"}
{"level":"info","message":"OPTIONS /api/auth/guest - 200","timestamp":"2026-05-01T08:37:54.430Z"}
{"level":"info","message":"OPTIONS /api/auth/guest - 200","timestamp":"2026-05-01T08:45:52.315Z"}
{"level":"info","message":"OPTIONS /api/auth/guest - 200","timestamp":"2026-05-01T08:45:52.324Z"}
{"level":"info","message":"OPTIONS /api/auth/guest - 200","timestamp":"2026-05-01T08:46:07.471Z"}
{"level":"info","message":"OPTIONS /api/auth/guest - 200","timestamp":"2026-05-01T08:46:07.501Z"}
{"level":"info","message":"OPTIONS /api/auth/guest - 200","timestamp":"2026-05-01T08:48:25.427Z"}
{"level":"info","message":"OPTIONS /api/auth/guest - 200","timestamp":"2026-05-01T08:48:25.429Z"}
{"level":"info","message":"OPTIONS /api/auth/guest - 200","timestamp":"2026-05-01T09:30:58.602Z"}
{"level":"info","message":"OPTIONS /api/auth/guest - 200","timestamp":"2026-05-01T09:30:58.605Z"}
{"level":"info","message":"NØX Backend running on port 3001","timestamp":"2026-05-03T07:37:11.887Z"}
{"level":"info","message":"NØX Backend running on port 3001","timestamp":"2026-05-06T07:00:13.421Z"}
{"level":"info","message":"OPTIONS /api/auth/guest - 200","timestamp":"2026-05-06T07:00:21.406Z"}
{"level":"info","message":"OPTIONS /api/auth/guest - 200","timestamp":"2026-05-06T07:00:21.536Z"}
{"level":"info","message":"NØX Backend running on port 3001","timestamp":"2026-05-06T07:03:32.920Z"}
{"level":"info","message":"NØX Backend running on port 3001","timestamp":"2026-05-06T07:20:16.910Z"}
{"level":"info","message":"POST /api/auth/guest - 201","timestamp":"2026-05-06T07:20:22.453Z"}
{"level":"info","message":"GET /api/usage - 200","timestamp":"2026-05-06T07:20:22.532Z"}
{"level":"info","message":"[Ledger] Debit 13 tokens for user guest_0ad165b1c7879781a9019220d2e05dc8 (stream), balanceAfter=-13","timestamp":"2026-05-06T07:20:33.206Z"}
{"level":"info","message":"POST /api/chat - 200","timestamp":"2026-05-06T07:20:33.207Z"}
{"level":"info","message":"GET /api/usage - 200","timestamp":"2026-05-06T07:20:33.213Z"}
{"level":"info","message":"GET /api/usage - 304","timestamp":"2026-05-06T07:23:31.718Z"}
{"level":"info","message":"GET /api/usage - 304","timestamp":"2026-05-06T07:25:05.123Z"}
{"level":"info","message":"GET /api/usage - 304","timestamp":"2026-05-06T07:26:00.281Z"}
{"level":"info","message":"GET /api/usage - 304","timestamp":"2026-05-06T07:26:13.347Z"}
{"level":"info","message":"GET /api/usage - 304","timestamp":"2026-05-06T07:27:07.967Z"}
{"level":"info","message":"GET /api/usage - 304","timestamp":"2026-05-06T07:31:06.061Z"}
{"level":"info","message":"GET /api/usage - 304","timestamp":"2026-05-06T07:31:18.718Z"}
{"level":"info","message":"GET /api/usage - 304","timestamp":"2026-05-06T07:32:31.273Z"}
{"level":"info","message":"GET /api/usage - 304","timestamp":"2026-05-06T07:33:40.113Z"}
{"level":"info","message":"[Ledger] Debit 39 tokens for user guest_0ad165b1c7879781a9019220d2e05dc8 (stream), balanceAfter=-52","timestamp":"2026-05-06T07:36:47.060Z"}
{"level":"info","message":"POST /api/chat - 200","timestamp":"2026-05-06T07:36:47.060Z"}
{"level":"info","message":"GET /api/usage - 200","timestamp":"2026-05-06T07:36:47.064Z"}
{"level":"info","message":"[Ledger] Debit 277 tokens for user guest_0ad165b1c7879781a9019220d2e05dc8 (stream), balanceAfter=-329","timestamp":"2026-05-06T07:37:44.354Z"}
{"level":"info","message":"POST /api/chat - 200","timestamp":"2026-05-06T07:37:44.355Z"}
{"level":"info","message":"GET /api/usage - 200","timestamp":"2026-05-06T07:37:44.359Z"}
{"level":"info","message":"GET /api/usage - 304","timestamp":"2026-05-06T07:42:38.593Z"}
{"level":"info","message":"GET /api/usage - 200","timestamp":"2026-05-06T07:45:53.136Z"}
{"level":"info","message":"GET /api/usage - 200","timestamp":"2026-05-06T07:47:10.847Z"}
{"level":"info","message":"GET /api/usage - 200","timestamp":"2026-05-06T07:47:27.107Z"}
{"level":"info","message":"GET /api/usage - 200","timestamp":"2026-05-06T07:49:08.988Z"}
{"level":"info","message":"POST /api/auth/signup - 201","timestamp":"2026-05-06T07:50:33.234Z"}
{"level":"info","message":"GET /api/usage - 200","timestamp":"2026-05-06T07:50:33.522Z"}
{"level":"info","message":"GET /api/usage - 200","timestamp":"2026-05-06T07:50:40.963Z"}
{"level":"info","message":"GET /api/ledger - 200","timestamp":"2026-05-06T07:50:40.967Z"}
{"level":"info","message":"GET /api/usage - 200","timestamp":"2026-05-06T07:51:43.015Z"}
{"level":"info","message":"GET /api/usage - 200","timestamp":"2026-05-06T07:57:49.183Z"}
{"level":"info","message":"GET /api/usage - 200","timestamp":"2026-05-06T07:57:56.221Z"}
{"level":"info","message":"GET /api/usage - 200","timestamp":"2026-05-06T07:58:18.844Z"}
{"level":"info","message":"GET /api/usage - 200","timestamp":"2026-05-06T07:59:43.711Z"}
{"level":"info","message":"GET /api/usage - 200","timestamp":"2026-05-06T08:00:23.138Z"}
{"level":"info","message":"GET /api/usage - 200","timestamp":"2026-05-06T08:01:18.632Z"}
{"level":"info","message":"GET /api/usage - 200","timestamp":"2026-05-06T08:02:41.679Z"}
{"level":"info","message":"GET /api/usage - 200","timestamp":"2026-05-06T08:03:06.129Z"}
{"level":"info","message":"GET /api/ledger - 200","timestamp":"2026-05-06T08:03:06.137Z"}
{"level":"info","message":"GET /api/usage - 200","timestamp":"2026-05-06T08:04:43.068Z"}
{"level":"info","message":"GET /api/ledger - 200","timestamp":"2026-05-06T08:04:43.159Z"}
{"level":"info","message":"GET /api/usage - 200","timestamp":"2026-05-06T08:08:27.502Z"}
{"level":"info","message":"GET /api/ledger - 200","timestamp":"2026-05-06T08:08:27.512Z"}
{"level":"info","message":"GET /api/usage - 200","timestamp":"2026-05-06T08:10:55.897Z"}
{"level":"info","message":"GET /api/ledger - 200","timestamp":"2026-05-06T08:10:55.995Z"}
{"level":"info","message":"GET /api/usage - 200","timestamp":"2026-05-06T08:11:29.409Z"}
{"level":"info","message":"GET /api/ledger - 200","timestamp":"2026-05-06T08:11:29.416Z"}
{"level":"info","message":"GET /api/usage - 200","timestamp":"2026-05-06T08:11:55.303Z"}
{"level":"info","message":"GET /api/ledger - 200","timestamp":"2026-05-06T08:11:55.322Z"}
{"level":"info","message":"GET /api/usage - 200","timestamp":"2026-05-06T08:12:08.436Z"}
{"level":"info","message":"GET /api/ledger - 200","timestamp":"2026-05-06T08:12:08.440Z"}
{"level":"info","message":"GET /api/usage - 200","timestamp":"2026-05-06T08:12:43.408Z"}
{"level":"info","message":"GET /api/ledger - 200","timestamp":"2026-05-06T08:12:43.472Z"}
{"level":"info","message":"GET /api/usage - 200","timestamp":"2026-05-06T08:13:23.384Z"}
{"level":"info","message":"GET /api/ledger - 200","timestamp":"2026-05-06T08:13:23.391Z"}
{"level":"info","message":"GET /api/usage - 200","timestamp":"2026-05-06T08:13:25.478Z"}
{"level":"info","message":"GET /api/ledger - 200","timestamp":"2026-05-06T08:13:25.485Z"}
{"level":"info","message":"GET /api/usage - 200","timestamp":"2026-05-06T08:13:52.263Z"}
{"level":"info","message":"GET /api/ledger - 200","timestamp":"2026-05-06T08:13:52.279Z"}
{"level":"info","message":"GET /api/usage - 200","timestamp":"2026-05-06T08:14:08.006Z"}
{"level":"info","message":"GET /api/ledger - 200","timestamp":"2026-05-06T08:14:08.011Z"}
{"level":"info","message":"GET /api/usage - 200","timestamp":"2026-05-06T08:21:53.445Z"}
{"level":"info","message":"GET /api/ledger - 200","timestamp":"2026-05-06T08:21:53.456Z"}
{"level":"info","message":"GET /api/usage - 200","timestamp":"2026-05-06T08:22:02.381Z"}
{"level":"info","message":"GET /api/ledger - 200","timestamp":"2026-05-06T08:22:02.405Z"}
{"level":"info","message":"GET /api/usage - 200","timestamp":"2026-05-06T08:22:09.270Z"}
{"level":"info","message":"GET /api/ledger - 200","timestamp":"2026-05-06T08:22:09.280Z"}
{"level":"info","message":"GET /api/usage - 200","timestamp":"2026-05-06T08:22:18.123Z"}
{"level":"info","message":"GET /api/ledger - 200","timestamp":"2026-05-06T08:22:18.150Z"}
{"level":"info","message":"GET /api/usage - 200","timestamp":"2026-05-06T08:22:31.511Z"}
{"level":"info","message":"GET /api/ledger - 200","timestamp":"2026-05-06T08:22:31.516Z"}
{"level":"info","message":"GET /api/usage - 200","timestamp":"2026-05-06T08:23:30.511Z"}
{"level":"info","message":"GET /api/ledger - 200","timestamp":"2026-05-06T08:23:30.553Z"}
{"level":"info","message":"[Tokens] Purchase attempt started for user user_38c52fd57062517281f3a8406fac617e","timestamp":"2026-05-06T08:24:10.654Z"}
{"level":"error","message":"[Tokens] Purchase critical failure: Autenticação necessária (Sessão ou API Key) para criar cobranças.","stack":"FlowPayApiError: Autenticação necessária (Sessão ou API Key) para criar cobranças.\n    at readFlowPayJson (file:///Users/nettomello/neomello/Chat-as-a-Protocol/neo-chat-uncensored/backend/src/services/flowpay.js:90:11)\n    at process.processTicksAndRejections (node:internal/process/task_queues:103:5)\n    at async createFlowPayCharge (file:///Users/nettomello/neomello/Chat-as-a-Protocol/neo-chat-uncensored/backend/src/services/flowpay.js:175:16)\n    at async file:///Users/nettomello/neomello/Chat-as-a-Protocol/neo-chat-uncensored/backend/src/server.js:1764:18","timestamp":"2026-05-06T08:24:11.040Z"}
{"level":"info","message":"POST /api/tokens/purchase - 502","timestamp":"2026-05-06T08:24:11.040Z"}
{"level":"info","message":"NØX Backend running on port 3001","timestamp":"2026-05-06T21:22:33.125Z"}
